<?xml version="1.0" encoding="UTF-8"?>
<!-- Generated by org.testng.reporters.JUnitReportReporter -->
<testsuite skipped="0" hostname="Atish-PC" name="day1.Day1MobileMenu" tests="1" failures="0" timestamp="08 Aug 2019 14:55:16 GMT" time="15.544" errors="0">
  <testcase name="MobileSortByName" time="15.544" classname="day1.Day1MobileMenu"/>
</testsuite> <!-- day1.Day1MobileMenu -->
