<?xml version="1.0" encoding="UTF-8"?>
<!-- Generated by org.testng.reporters.JUnitReportReporter -->
<testsuite skipped="0" hostname="Atish-PC" name="com.Guru99Selenium.HomePage" tests="1" failures="0" timestamp="07 Aug 2019 13:39:35 GMT" time="15.779" errors="0">
  <testcase name="getURL" time="15.779" classname="com.Guru99Selenium.HomePage"/>
</testsuite> <!-- com.Guru99Selenium.HomePage -->
