<?xml version="1.0" encoding="UTF-8"?>
<!-- Generated by org.testng.reporters.JUnitReportReporter -->
<testsuite skipped="0" hostname="Atish-PC" name="day4.CompareMobileProductsPopup" tests="1" failures="0" timestamp="11 Aug 2019 12:30:10 GMT" time="18.077" errors="0">
  <testcase name="compareProducts" time="18.077" classname="day4.CompareMobileProductsPopup"/>
</testsuite> <!-- day4.CompareMobileProductsPopup -->
