<?xml version="1.0" encoding="UTF-8"?>
<!-- Generated by org.testng.reporters.JUnitReportReporter -->
<testsuite skipped="0" hostname="Atish-PC" name="day5.AccountRegister" tests="1" failures="0" timestamp="11 Aug 2019 14:51:26 GMT" time="33.912" errors="0">
  <testcase name="newAccountRegistration" time="33.912" classname="day5.AccountRegister"/>
</testsuite> <!-- day5.AccountRegister -->
