<?xml version="1.0" encoding="UTF-8"?>
<!-- Generated by org.testng.reporters.JUnitReportReporter -->
<testsuite skipped="0" hostname="Atish-PC" name="day1.Day1MobileMenu" tests="1" failures="0" timestamp="07 Aug 2019 15:10:34 GMT" time="15.514" errors="0">
  <testcase name="MobileSortByName" time="15.514" classname="day1.Day1MobileMenu"/>
</testsuite> <!-- day1.Day1MobileMenu -->
