<?xml version="1.0" encoding="UTF-8"?>
<!-- Generated by org.testng.reporters.JUnitReportReporter -->
<testsuite skipped="0" hostname="Atish-PC" name="day6.PlaceOrder" tests="1" failures="0" timestamp="11 Aug 2019 14:54:45 GMT" time="42.610" errors="0">
  <testcase name="checkoutAndPlaceOrder" time="42.610" classname="day6.PlaceOrder"/>
</testsuite> <!-- day6.PlaceOrder -->
