<?xml version="1.0" encoding="UTF-8"?>
<!-- Generated by org.testng.reporters.JUnitReportReporter -->
<testsuite skipped="0" hostname="Atish-PC" name="day4.CompareMobileProducts" tests="1" failures="0" timestamp="10 Aug 2019 15:02:27 GMT" time="20.583" errors="0">
  <testcase name="compareProducts" time="20.583" classname="day4.CompareMobileProducts"/>
</testsuite> <!-- day4.CompareMobileProducts -->
