<?xml version="1.0" encoding="UTF-8"?>
<!-- Generated by org.testng.reporters.JUnitReportReporter -->
<testsuite skipped="0" hostname="DESKTOP-9RKHEI5" name="day1.Day1MobileMenu" tests="1" failures="0" timestamp="08 Aug 2019 10:31:07 GMT" time="16.705" errors="0">
  <testcase name="MobileSortByName" time="16.705" classname="day1.Day1MobileMenu"/>
</testsuite> <!-- day1.Day1MobileMenu -->
