<?xml version="1.0" encoding="UTF-8"?>
<!-- Generated by org.testng.reporters.JUnitReportReporter -->
<testsuite skipped="0" hostname="DESKTOP-9RKHEI5" name="day02.Day2MobileMenu" tests="1" failures="0" timestamp="09 Aug 2019 12:37:51 GMT" time="53.319" errors="0">
  <testcase name="MobileCheckCost" time="53.319" classname="day02.Day2MobileMenu"/>
</testsuite> <!-- day02.Day2MobileMenu -->
